Using pre-set license

 COMMAND LINE ARGUMENTS:
/Applications/Unity/Hub/Editor/2020.3.0f1/Unity.app/Contents/MacOS/Unity
-adb2
-batchMode
-noUpm
-name
AssetImportWorker0
-projectPath
/Users/reginhurleydavid/Documents/Unity Projects/Infection Town
-logFile
Logs/AssetImportWorker0.log
-srvPort
52117
Successfully changed project path to: /Users/reginhurleydavid/Documents/Unity Projects/Infection Town
/Users/reginhurleydavid/Documents/Unity Projects/Infection Town
Using Asset Import Pipeline V2.
Refreshing native plugins compatible for Editor in 27.42 ms, found 1 plugins.
Preloading 0 native plugins for Editor in 0.00 ms.
Initialize engine version: 2020.3.0f1 (c7b5465681fb)
[Subsystems] Discovering subsystems at path /Applications/Unity/Hub/Editor/2020.3.0f1/Unity.app/Contents/Resources/UnitySubsystems
[Subsystems] Discovering subsystems at path /Users/reginhurleydavid/Documents/Unity Projects/Infection Town/Assets
GfxDevice: creating device client; threaded=0
2021-03-22 09:16:08.150 Unity[27991:2495765] Color LCD preferred device: Intel(R) Iris(TM) Plus Graphics (low power)
2021-03-22 09:16:08.151 Unity[27991:2495765] Metal devices available: 1
2021-03-22 09:16:08.151 Unity[27991:2495765] 0: Intel(R) Iris(TM) Plus Graphics (low power)
2021-03-22 09:16:08.151 Unity[27991:2495765] Using device Intel(R) Iris(TM) Plus Graphics (low power)
Initializing Metal device caps: Intel(R) Iris(TM) Plus Graphics
Initialize mono
Mono path[0] = '/Applications/Unity/Hub/Editor/2020.3.0f1/Unity.app/Contents/Managed'
Mono path[1] = '/Applications/Unity/Hub/Editor/2020.3.0f1/Unity.app/Contents/MonoBleedingEdge/lib/mono/unityjit'
Mono config path = '/Applications/Unity/Hub/Editor/2020.3.0f1/Unity.app/Contents/MonoBleedingEdge/etc'
Using monoOptions --debugger-agent=transport=dt_socket,embedding=1,server=y,suspend=n,address=127.0.0.1:56991
Begin MonoManager ReloadAssembly
Registering precompiled unity dll's ...
Register platform support module: /Applications/Unity/Hub/Editor/2020.3.0f1/Unity.app/Contents/PlaybackEngines/MacStandaloneSupport/UnityEditor.OSXStandalone.Extensions.dll
Register platform support module: /Applications/Unity/Hub/Editor/2020.3.0f1/PlaybackEngines/WindowsStandaloneSupport/UnityEditor.WindowsStandalone.Extensions.dll
Registered in 0.000977 seconds.
Native extension for WindowsStandalone target not found
Native extension for OSXStandalone target not found
Refreshing native plugins compatible for Editor in 29.14 ms, found 1 plugins.
Preloading 0 native plugins for Editor in 0.00 ms.
Invoked RoslynAnalysisRunner static constructor.
RoslynAnalysisRunner will not be running.
RoslynAnalysisRunner has terminated.
Mono: successfully reloaded assembly
- Completed reload, in  3.489 seconds
Platform modules already initialized, skipping
Registering precompiled user dll's ...
Registered in 0.000405 seconds.
Begin MonoManager ReloadAssembly
Native extension for WindowsStandalone target not found
Native extension for OSXStandalone target not found
Refreshing native plugins compatible for Editor in 0.23 ms, found 1 plugins.
Preloading 0 native plugins for Editor in 0.00 ms.
Invoked RoslynAnalysisRunner static constructor.
RoslynAnalysisRunner will not be running.
RoslynAnalysisRunner has terminated.
Mono: successfully reloaded assembly
- Completed reload, in  1.212 seconds
Platform modules already initialized, skipping
========================================================================
Worker process is ready to serve import requests
Launching external process: /Applications/Unity/Hub/Editor/2020.3.0f1/Unity.app/Contents/Tools/UnityShaderCompiler
Launched and connected shader compiler UnityShaderCompiler after 0.03 seconds
Refreshing native plugins compatible for Editor in 0.24 ms, found 1 plugins.
Preloading 0 native plugins for Editor in 0.00 ms.
Unloading 1143 Unused Serialized files (Serialized files now loaded: 0)
System memory in use before: 114.5 MB.
System memory in use after: 114.5 MB.

Unloading 9 unused Assets to reduce memory usage. Loaded Objects now: 1588.
Total: 2.280538 ms (FindLiveObjects: 0.184804 ms CreateObjectMapping: 0.057078 ms MarkObjects: 1.960556 ms  DeleteObjects: 0.076769 ms)

========================================================================
Received Import Request.
  path: Assets/Prefabs/Citzen.prefab
  artifactKey: Guid(ab75c20570400490fa5ca3b7b2c18962) Importer(815301076,1909f56bfc062723c751e8b465ee728b)
Start importing Assets/Prefabs/Citzen.prefab using Guid(ab75c20570400490fa5ca3b7b2c18962) Importer(815301076,1909f56bfc062723c751e8b465ee728b)  -> (artifact id: '07d03149a17a17c84988287bcb893b4f') in 1.563440 seconds
  Import took 1.567438 seconds .

========================================================================
Received Import Request.
  Time since last request: 0.000413 seconds.
  path: Assets/Prefabs/Citzen.prefab
  artifactKey: Guid(ab75c20570400490fa5ca3b7b2c18962) Importer(815301076,1909f56bfc062723c751e8b465ee728b)
Start importing Assets/Prefabs/Citzen.prefab using Guid(ab75c20570400490fa5ca3b7b2c18962) Importer(815301076,1909f56bfc062723c751e8b465ee728b)  -> (artifact id: '07d03149a17a17c84988287bcb893b4f') in 0.027577 seconds
  Import took 0.032350 seconds .

========================================================================
Received Import Request.
  Time since last request: 0.000432 seconds.
  path: Assets/Prefabs/Infecred.prefab
  artifactKey: Guid(0102c095dac1f4ad2911582abf1d5d75) Importer(815301076,1909f56bfc062723c751e8b465ee728b)
Start importing Assets/Prefabs/Infecred.prefab using Guid(0102c095dac1f4ad2911582abf1d5d75) Importer(815301076,1909f56bfc062723c751e8b465ee728b)  -> (artifact id: 'c37c58ac45ecd7244fe7a2c8a2c309b7') in 0.029790 seconds
  Import took 0.036128 seconds .

========================================================================
Received Import Request.
  Time since last request: 0.038285 seconds.
  path: Assets/Prefabs/Infecred.prefab
  artifactKey: Guid(0102c095dac1f4ad2911582abf1d5d75) Importer(815301076,1909f56bfc062723c751e8b465ee728b)
Start importing Assets/Prefabs/Infecred.prefab using Guid(0102c095dac1f4ad2911582abf1d5d75) Importer(815301076,1909f56bfc062723c751e8b465ee728b)  -> (artifact id: 'c37c58ac45ecd7244fe7a2c8a2c309b7') in 0.049109 seconds
  Import took 0.053403 seconds .

========================================================================
Received Prepare
Registering precompiled user dll's ...
Registered in 0.000528 seconds.
Begin MonoManager ReloadAssembly
Native extension for WindowsStandalone target not found
Native extension for OSXStandalone target not found
Refreshing native plugins compatible for Editor in 0.24 ms, found 1 plugins.
Preloading 0 native plugins for Editor in 0.00 ms.
Invoked RoslynAnalysisRunner static constructor.
RoslynAnalysisRunner will not be running.
RoslynAnalysisRunner has terminated.
Mono: successfully reloaded assembly
- Completed reload, in  1.034 seconds
Platform modules already initialized, skipping
Refreshing native plugins compatible for Editor in 0.30 ms, found 1 plugins.
Preloading 0 native plugins for Editor in 0.00 ms.
Unloading 1126 Unused Serialized files (Serialized files now loaded: 0)
System memory in use before: 122.2 MB.
System memory in use after: 122.3 MB.

Unloading 4 unused Assets to reduce memory usage. Loaded Objects now: 1598.
Total: 2.344230 ms (FindLiveObjects: 0.199792 ms CreateObjectMapping: 0.052092 ms MarkObjects: 2.061555 ms  DeleteObjects: 0.029193 ms)

AssetImportWorkerClient::OnTransportError - code=2 error=End of file
